This file contains any messages produced by compilers while
running configure, to aid debugging if configure makes a mistake.

It was created by configure, which was
generated by GNU Autoconf 2.64.  Invocation command line was

  $ ./configure -enable-danai

## --------- ##
## Platform. ##
## --------- ##

hostname = swanle
uname -m = i686
uname -r = 2.6.31-14-generic
uname -s = Linux
uname -v = #48-Ubuntu SMP Fri Oct 16 14:04:26 UTC 2009

/usr/bin/uname -p = unknown
/bin/uname -X     = unknown

/bin/arch              = unknown
/usr/bin/arch -k       = unknown
/usr/convex/getsysinfo = unknown
/usr/bin/hostinfo      = unknown
/bin/machine           = unknown
/usr/bin/oslevel       = unknown
/bin/universe          = unknown

PATH: /usr/local/sbin
PATH: /usr/local/bin
PATH: /usr/sbin
PATH: /usr/bin
PATH: /sbin
PATH: /bin
PATH: /usr/games


## ----------- ##
## Core tests. ##
## ----------- ##

configure:2517: checking for grep that handles long lines and -e
configure:2575: result: /bin/grep
configure:2580: checking for egrep
configure:2642: result: /bin/grep -E
configure:2647: checking for a sed that does not truncate output
configure:2711: result: /bin/sed
configure:2845: checking for cc
configure:2861: found /usr/bin/cc
configure:2872: result: cc
configure:2903: checking for C compiler version
configure:2912: cc --version >&5
cc (Ubuntu 4.4.1-4ubuntu9) 4.4.1
Copyright (C) 2009 Free Software Foundation, Inc.
This is free software; see the source for copying conditions.  There is NO
warranty; not even for MERCHANTABILITY or FITNESS FOR A PARTICULAR PURPOSE.

configure:2923: $? = 0
configure:2912: cc -v >&5
Using built-in specs.
Target: i486-linux-gnu
Configured with: ../src/configure -v --with-pkgversion='Ubuntu 4.4.1-4ubuntu9' --with-bugurl=file:///usr/share/doc/gcc-4.4/README.Bugs --enable-languages=c,c++,fortran,objc,obj-c++ --prefix=/usr --enable-shared --enable-multiarch --enable-linker-build-id --with-system-zlib --libexecdir=/usr/lib --without-included-gettext --enable-threads=posix --with-gxx-include-dir=/usr/include/c++/4.4 --program-suffix=-4.4 --enable-nls --enable-clocale=gnu --enable-libstdcxx-debug --enable-objc-gc --enable-targets=all --disable-werror --with-arch-32=i486 --with-tune=generic --enable-checking=release --build=i486-linux-gnu --host=i486-linux-gnu --target=i486-linux-gnu
Thread model: posix
gcc version 4.4.1 (Ubuntu 4.4.1-4ubuntu9) 
configure:2923: $? = 0
configure:2912: cc -V >&5
cc: '-V' option must have argument
configure:2923: $? = 1
configure:2912: cc -qversion >&5
cc: unrecognized option '-qversion'
cc: no input files
configure:2923: $? = 1
configure:2945: checking for C compiler default output file name
configure:2967: cc    conftest.c  >&5
configure:2971: $? = 0
configure:3008: result: a.out
configure:3024: checking whether the C compiler works
configure:3033: ./a.out
configure:3037: $? = 0
configure:3052: result: yes
configure:3059: checking whether we are cross compiling
configure:3061: result: no
configure:3064: checking for suffix of executables
configure:3071: cc -o conftest    conftest.c  >&5
configure:3075: $? = 0
configure:3097: result: 
configure:3103: checking for suffix of object files
configure:3125: cc -c   conftest.c >&5
configure:3129: $? = 0
configure:3150: result: o
configure:3154: checking whether we are using the GNU C compiler
configure:3173: cc -c   conftest.c >&5
configure:3173: $? = 0
configure:3182: result: yes
configure:3191: checking whether cc accepts -g
configure:3211: cc -c -g  conftest.c >&5
configure:3211: $? = 0
configure:3252: result: yes
configure:3269: checking for cc option to accept ISO C89
configure:3333: cc  -c -g -O2  conftest.c >&5
configure:3333: $? = 0
configure:3346: result: none needed
configure:3372: checking how to run the C preprocessor
configure:3403: cc -E  conftest.c
configure:3403: $? = 0
configure:3417: cc -E  conftest.c
conftest.c:9:28: error: ac_nonexistent.h: No such file or directory
configure:3417: $? = 1
configure: failed program was:
| /* confdefs.h */
| #define PACKAGE_NAME ""
| #define PACKAGE_TARNAME ""
| #define PACKAGE_VERSION ""
| #define PACKAGE_STRING ""
| #define PACKAGE_BUGREPORT ""
| #define PACKAGE_URL ""
| /* end confdefs.h.  */
| #include <ac_nonexistent.h>
configure:3442: result: cc -E
configure:3462: cc -E  conftest.c
configure:3462: $? = 0
configure:3476: cc -E  conftest.c
conftest.c:9:28: error: ac_nonexistent.h: No such file or directory
configure:3476: $? = 1
configure: failed program was:
| /* confdefs.h */
| #define PACKAGE_NAME ""
| #define PACKAGE_TARNAME ""
| #define PACKAGE_VERSION ""
| #define PACKAGE_STRING ""
| #define PACKAGE_BUGREPORT ""
| #define PACKAGE_URL ""
| /* end confdefs.h.  */
| #include <ac_nonexistent.h>
configure:3507: checking for icc
configure:3516: result: no
configure:3530: checking for suncc
configure:3539: result: no
configure:3557: checking whether cc understands -c and -o together
configure:3585: cc -c conftest.c -o conftest2.o >&5
configure:3589: $? = 0
configure:3595: cc -c conftest.c -o conftest2.o >&5
configure:3599: $? = 0
configure:3654: result: yes
configure:3668: checking for system library directory
configure:3686: result: lib
configure:3693: checking if compiler supports -R
configure:3712: cc -o conftest -g -O2   conftest.c -R /usr/lib  >&5
cc: unrecognized option '-R'
/usr/bin/ld: /usr/lib: No such file: File format not recognized
collect2: ld returned 1 exit status
configure:3712: $? = 1
configure: failed program was:
| /* confdefs.h */
| #define PACKAGE_NAME ""
| #define PACKAGE_TARNAME ""
| #define PACKAGE_VERSION ""
| #define PACKAGE_STRING ""
| #define PACKAGE_BUGREPORT ""
| #define PACKAGE_URL ""
| /* end confdefs.h.  */
| 
| int
| main ()
| {
| 
|   ;
|   return 0;
| }
configure:3722: result: no
configure:3727: checking if compiler supports -Wl,-rpath,
configure:3746: cc -o conftest -g -O2   conftest.c -Wl,-rpath,/usr/lib  >&5
configure:3746: $? = 0
configure:3756: result: yes
configure:3795: checking build system type
configure:3809: result: i686-pc-linux-gnu
configure:3829: checking host system type
configure:3842: result: i686-pc-linux-gnu
configure:3862: checking target system type
configure:3875: result: i686-pc-linux-gnu
configure:3981: checking for PHP prefix
configure:3983: result: /usr
configure:3985: checking for PHP includes
configure:3987: result: -I/usr/include/php5 -I/usr/include/php5/main -I/usr/include/php5/TSRM -I/usr/include/php5/Zend -I/usr/include/php5/ext -I/usr/include/php5/ext/date/lib -D_LARGEFILE_SOURCE -D_FILE_OFFSET_BITS=64
configure:3989: checking for PHP extension directory
configure:3991: result: /usr/lib/php5/20060613+lfs
configure:3993: checking for PHP installed headers prefix
configure:3995: result: /usr/include/php5
configure:3998: checking if debug is enabled
configure:4024: result: no
configure:4027: checking if zts is enabled
configure:4053: result: no
configure:4135: checking for re2c
configure:4151: found /usr/bin/re2c
configure:4162: result: re2c
configure:4171: checking for re2c version
configure:4185: result: 0.13.5 (ok)
configure:4204: checking for gawk
configure:4221: found /usr/bin/gawk
configure:4232: result: gawk
configure:4275: checking Whether to enable the "danai" extension
configure:4317: result: yes, shared
configure:4657: checking for a sed that does not truncate output
configure:4721: result: /bin/sed
configure:4739: checking for fgrep
configure:4801: result: /bin/grep -F
configure:4836: checking for ld used by cc
configure:4903: result: /usr/bin/ld
configure:4910: checking if the linker (/usr/bin/ld) is GNU ld
configure:4925: result: yes
configure:4937: checking for BSD- or MS-compatible name lister (nm)
configure:4986: result: /usr/bin/nm -B
configure:5104: checking the name lister (/usr/bin/nm -B) interface
configure:5111: cc -c -g -O2  conftest.c >&5
configure:5114: /usr/bin/nm -B "conftest.o"
configure:5117: output
00000000 B some_variable
configure:5124: result: BSD nm
configure:5127: checking whether ln -s works
configure:5131: result: yes
configure:5139: checking the maximum length of command line arguments
configure:5259: result: 1572864
configure:5276: checking whether the shell understands some XSI constructs
configure:5286: result: yes
configure:5290: checking whether the shell understands "+="
configure:5296: result: yes
configure:5331: checking for /usr/bin/ld option to reload object files
configure:5338: result: -r
configure:5407: checking for objdump
configure:5423: found /usr/bin/objdump
configure:5434: result: objdump
configure:5466: checking how to recognize dependent libraries
configure:5662: result: pass_all
configure:5722: checking for ar
configure:5738: found /usr/bin/ar
configure:5749: result: ar
configure:5827: checking for strip
configure:5843: found /usr/bin/strip
configure:5854: result: strip
configure:5926: checking for ranlib
configure:5942: found /usr/bin/ranlib
configure:5953: result: ranlib
configure:6043: checking command to parse /usr/bin/nm -B output from cc object
configure:6161: cc -c -g -O2  conftest.c >&5
configure:6164: $? = 0
configure:6168: /usr/bin/nm -B conftest.o \| sed -n -e 's/^.*[	 ]\([ABCDGIRSTW][ABCDGIRSTW]*\)[	 ][	 ]*\([_A-Za-z][_A-Za-z0-9]*\)$/\1 \2 \2/p' \> conftest.nm
configure:6171: $? = 0
configure:6225: cc -o conftest -g -O2   conftest.c conftstm.o >&5
configure:6228: $? = 0
configure:6266: result: ok
configure:7069: checking for ANSI C header files
configure:7089: cc -c -g -O2  conftest.c >&5
configure:7089: $? = 0
configure:7162: cc -o conftest -g -O2   conftest.c  >&5
configure:7162: $? = 0
configure:7162: ./conftest
configure:7162: $? = 0
configure:7173: result: yes
configure:7186: checking for sys/types.h
configure:7186: cc -c -g -O2  conftest.c >&5
configure:7186: $? = 0
configure:7186: result: yes
configure:7186: checking for sys/stat.h
configure:7186: cc -c -g -O2  conftest.c >&5
configure:7186: $? = 0
configure:7186: result: yes
configure:7186: checking for stdlib.h
configure:7186: cc -c -g -O2  conftest.c >&5
configure:7186: $? = 0
configure:7186: result: yes
configure:7186: checking for string.h
configure:7186: cc -c -g -O2  conftest.c >&5
configure:7186: $? = 0
configure:7186: result: yes
configure:7186: checking for memory.h
configure:7186: cc -c -g -O2  conftest.c >&5
configure:7186: $? = 0
configure:7186: result: yes
configure:7186: checking for strings.h
configure:7186: cc -c -g -O2  conftest.c >&5
configure:7186: $? = 0
configure:7186: result: yes
configure:7186: checking for inttypes.h
configure:7186: cc -c -g -O2  conftest.c >&5
configure:7186: $? = 0
configure:7186: result: yes
configure:7186: checking for stdint.h
configure:7186: cc -c -g -O2  conftest.c >&5
configure:7186: $? = 0
configure:7186: result: yes
configure:7186: checking for unistd.h
configure:7186: cc -c -g -O2  conftest.c >&5
configure:7186: $? = 0
configure:7186: result: yes
configure:7201: checking for dlfcn.h
configure:7201: cc -c -g -O2  conftest.c >&5
configure:7201: $? = 0
configure:7201: result: yes
configure:7385: checking for objdir
configure:7400: result: .libs
configure:7696: checking if cc supports -fno-rtti -fno-exceptions
configure:7714: cc -c -g -O2  -fno-rtti -fno-exceptions conftest.c >&5
cc1: warning: command line option "-fno-rtti" is valid for C++/ObjC++ but not for C
configure:7718: $? = 0
configure:7731: result: no
configure:7751: checking for cc option to produce PIC
configure:8023: result: -fPIC -DPIC
configure:8035: checking if cc PIC flag -fPIC -DPIC works
configure:8053: cc -c -g -O2  -fPIC -DPIC -DPIC conftest.c >&5
configure:8057: $? = 0
configure:8070: result: yes
configure:8094: checking if cc static flag -static works
configure:8122: result: yes
configure:8137: checking if cc supports -c -o file.o
configure:8158: cc -c -g -O2  -o out/conftest2.o conftest.c >&5
configure:8162: $? = 0
configure:8184: result: yes
configure:8192: checking if cc supports -c -o file.o
configure:8239: result: yes
configure:8272: checking whether the cc linker (/usr/bin/ld) supports shared libraries
configure:9262: result: yes
configure:9299: checking whether -lc should be explicitly linked in
configure:9304: cc -c -g -O2  conftest.c >&5
configure:9307: $? = 0
configure:9322: cc -shared conftest.o  -v -Wl,-soname -Wl,conftest -o conftest 2\>\&1 \| /bin/grep  -lc  \>/dev/null 2\>\&1
configure:9325: $? = 0
configure:9337: result: no
configure:9501: checking dynamic linker characteristics
configure:9934: cc -o conftest -g -O2   -Wl,-rpath -Wl,/foo conftest.c  >&5
configure:9934: $? = 0
configure:10164: result: GNU/Linux ld.so
configure:10266: checking how to hardcode library paths into programs
configure:10291: result: immediate
configure:10811: checking whether stripping libraries is possible
configure:10816: result: yes
configure:10851: checking if libtool supports shared libraries
configure:10853: result: yes
configure:10856: checking whether to build shared libraries
configure:10877: result: yes
configure:10880: checking whether to build static libraries
configure:10884: result: no
configure:11146: creating ./config.status

## ---------------------- ##
## Running config.status. ##
## ---------------------- ##

This file was extended by config.status, which was
generated by GNU Autoconf 2.64.  Invocation command line was

  CONFIG_FILES    = 
  CONFIG_HEADERS  = 
  CONFIG_LINKS    = 
  CONFIG_COMMANDS = 
  $ ./config.status 

on swanle

config.status:871: creating config.h
config.status:961: config.h is unchanged
config.status:975: executing libtool commands

## ---------------- ##
## Cache variables. ##
## ---------------- ##

ac_cv_build=i686-pc-linux-gnu
ac_cv_c_compiler_gnu=yes
ac_cv_env_CC_set=
ac_cv_env_CC_value=
ac_cv_env_CFLAGS_set=
ac_cv_env_CFLAGS_value=
ac_cv_env_CPPFLAGS_set=
ac_cv_env_CPPFLAGS_value=
ac_cv_env_CPP_set=
ac_cv_env_CPP_value=
ac_cv_env_LDFLAGS_set=
ac_cv_env_LDFLAGS_value=
ac_cv_env_LIBS_set=
ac_cv_env_LIBS_value=
ac_cv_env_build_alias_set=
ac_cv_env_build_alias_value=
ac_cv_env_host_alias_set=
ac_cv_env_host_alias_value=
ac_cv_env_target_alias_set=
ac_cv_env_target_alias_value=
ac_cv_header_dlfcn_h=yes
ac_cv_header_inttypes_h=yes
ac_cv_header_memory_h=yes
ac_cv_header_stdc=yes
ac_cv_header_stdint_h=yes
ac_cv_header_stdlib_h=yes
ac_cv_header_string_h=yes
ac_cv_header_strings_h=yes
ac_cv_header_sys_stat_h=yes
ac_cv_header_sys_types_h=yes
ac_cv_header_unistd_h=yes
ac_cv_host=i686-pc-linux-gnu
ac_cv_objext=o
ac_cv_path_EGREP='/bin/grep -E'
ac_cv_path_FGREP='/bin/grep -F'
ac_cv_path_GREP=/bin/grep
ac_cv_path_SED=/bin/sed
ac_cv_prog_AWK=gawk
ac_cv_prog_CPP='cc -E'
ac_cv_prog_RE2C=re2c
ac_cv_prog_ac_ct_AR=ar
ac_cv_prog_ac_ct_CC=cc
ac_cv_prog_ac_ct_OBJDUMP=objdump
ac_cv_prog_ac_ct_RANLIB=ranlib
ac_cv_prog_ac_ct_STRIP=strip
ac_cv_prog_cc_c89=
ac_cv_prog_cc_cc_c_o=yes
ac_cv_prog_cc_g=yes
ac_cv_target=i686-pc-linux-gnu
lt_cv_deplibs_check_method=pass_all
lt_cv_file_magic_cmd='$MAGIC_CMD'
lt_cv_file_magic_test_file=
lt_cv_ld_reload_flag=-r
lt_cv_nm_interface='BSD nm'
lt_cv_objdir=.libs
lt_cv_path_LD=/usr/bin/ld
lt_cv_path_NM='/usr/bin/nm -B'
lt_cv_prog_compiler_c_o=yes
lt_cv_prog_compiler_pic_works=yes
lt_cv_prog_compiler_rtti_exceptions=no
lt_cv_prog_compiler_static_works=yes
lt_cv_prog_gnu_ld=yes
lt_cv_sys_global_symbol_pipe='sed -n -e '\''s/^.*[	 ]\([ABCDGIRSTW][ABCDGIRSTW]*\)[	 ][	 ]*\([_A-Za-z][_A-Za-z0-9]*\)$/\1 \2 \2/p'\'''
lt_cv_sys_global_symbol_to_c_name_address='sed -n -e '\''s/^: \([^ ]*\) $/  {\"\1\", (void *) 0},/p'\'' -e '\''s/^[ABCDGIRSTW]* \([^ ]*\) \([^ ]*\)$/  {"\2", (void *) \&\2},/p'\'''
lt_cv_sys_global_symbol_to_c_name_address_lib_prefix='sed -n -e '\''s/^: \([^ ]*\) $/  {\"\1\", (void *) 0},/p'\'' -e '\''s/^[ABCDGIRSTW]* \([^ ]*\) \(lib[^ ]*\)$/  {"\2", (void *) \&\2},/p'\'' -e '\''s/^[ABCDGIRSTW]* \([^ ]*\) \([^ ]*\)$/  {"lib\2", (void *) \&\2},/p'\'''
lt_cv_sys_global_symbol_to_cdecl='sed -n -e '\''s/^T .* \(.*\)$/extern int \1();/p'\'' -e '\''s/^[ABCDGIRSTW]* .* \(.*\)$/extern char \1;/p'\'''
lt_cv_sys_max_cmd_len=1572864
php_cv_cc_dashr=no
php_cv_cc_rpath=yes
php_cv_re2c_version='0.13.5 (ok)'

## ----------------- ##
## Output variables. ##
## ----------------- ##

AR='ar'
AWK='gawk'
CC='cc'
CFLAGS='-g -O2'
CONFIGURE_COMMAND=' '\''./configure'\'' '
CONFIGURE_OPTIONS=''
CPP='cc -E'
CPPFLAGS=' -DHAVE_CONFIG_H'
DEFS='-DHAVE_CONFIG_H'
DSYMUTIL=''
DUMPBIN=''
ECHO_C=''
ECHO_N='-n'
ECHO_T=''
EGREP='/bin/grep -E'
EXEEXT=''
FGREP='/bin/grep -F'
GREP='/bin/grep'
LD='/usr/bin/ld'
LDFLAGS=''
LIBOBJS=''
LIBS=''
LIBTOOL='$(SHELL) $(top_builddir)/libtool'
LIPO=''
LN_S='ln -s'
LTLIBOBJS=''
NM='/usr/bin/nm -B'
NMEDIT=''
OBJDUMP='objdump'
OBJEXT='o'
OTOOL64=''
OTOOL=''
PACKAGE_BUGREPORT=''
PACKAGE_NAME=''
PACKAGE_STRING=''
PACKAGE_TARNAME=''
PACKAGE_URL=''
PACKAGE_VERSION=''
PATH_SEPARATOR=':'
RANLIB='ranlib'
RE2C='re2c'
SED='/bin/sed'
SHELL='/bin/bash'
SHLIB_DL_SUFFIX_NAME='so'
SHLIB_SUFFIX_NAME='so'
STRIP='strip'
ac_ct_CC='cc'
ac_ct_DUMPBIN=''
bindir='${exec_prefix}/bin'
build='i686-pc-linux-gnu'
build_alias=''
build_cpu='i686'
build_os='linux-gnu'
build_vendor='pc'
datadir='${datarootdir}'
datarootdir='${prefix}/share'
docdir='${datarootdir}/doc/${PACKAGE}'
dvidir='${docdir}'
exec_prefix='$(prefix)'
host='i686-pc-linux-gnu'
host_alias='i686-pc-linux-gnu'
host_cpu='i686'
host_os='linux-gnu'
host_vendor='pc'
htmldir='${docdir}'
includedir='${prefix}/include'
infodir='${datarootdir}/info'
libdir='${exec_prefix}/lib'
libexecdir='${exec_prefix}/libexec'
localedir='${datarootdir}/locale'
localstatedir='${prefix}/var'
lt_ECHO='echo'
mandir='${datarootdir}/man'
oldincludedir='/usr/include'
pdfdir='${docdir}'
prefix='/usr'
program_transform_name='s,x,x,'
psdir='${docdir}'
sbindir='${exec_prefix}/sbin'
sharedstatedir='${prefix}/com'
sysconfdir='${prefix}/etc'
target='i686-pc-linux-gnu'
target_alias=''
target_cpu='i686'
target_os='linux-gnu'
target_vendor='pc'

## ----------- ##
## confdefs.h. ##
## ----------- ##

/* confdefs.h */
#define PACKAGE_NAME ""
#define PACKAGE_TARNAME ""
#define PACKAGE_VERSION ""
#define PACKAGE_STRING ""
#define PACKAGE_BUGREPORT ""
#define PACKAGE_URL ""
#define COMPILE_DL_DANAI 1
#define STDC_HEADERS 1
#define HAVE_SYS_TYPES_H 1
#define HAVE_SYS_STAT_H 1
#define HAVE_STDLIB_H 1
#define HAVE_STRING_H 1
#define HAVE_MEMORY_H 1
#define HAVE_STRINGS_H 1
#define HAVE_INTTYPES_H 1
#define HAVE_STDINT_H 1
#define HAVE_UNISTD_H 1
#define HAVE_DLFCN_H 1
#define LT_OBJDIR ".libs/"

configure: exit 0
